[ 2016-05-20T09:35:27+08:00 ] 127.0.0.1 /admin.php/Wen/addWen.php
ERR: 非法操作:addWen.php

[ 2016-05-20T09:41:18+08:00 ] 127.0.0.1 /admin.php/Wen/Edit/wid/13.html
ERR: 非法操作:Edit

[ 2016-05-20T11:08:08+08:00 ] 127.0.0.1 /admin.php/Wen/Edit/wid/15.html
ERR: 非法操作:Edit

[ 2016-05-20T11:08:11+08:00 ] 127.0.0.1 /admin.php/Wen/addWen.php
ERR: 非法操作:addWen.php

[ 2016-05-20T20:29:22+08:00 ] 127.0.0.1 /index.php?m=announcement&s=admin/notice
ERR: 无法加载控制器:Notice

[ 2016-05-20T20:31:02+08:00 ] 127.0.0.1 /index.php?m=announcement&s=admin/notice_manager&action=modify&id=1212%20UnIon%20select%201,2,concat(user,0x7c,password),4,5,6,7,8%20from%20webscan%23
ERR: 无法加载控制器:Notice_manager

[ 2016-05-20T20:31:04+08:00 ] 127.0.0.1 /index.php?m=company&s=admin/exportexcel&ordrby=user%20and%201=websec%23
ERR: 无法加载控制器:Exportexcel

[ 2016-05-20T20:31:05+08:00 ] 127.0.0.1 /index.php?m=news&s=admin/news&newsid=1%20and%20(SELECT%201%20from%20websec)
ERR: 无法加载控制器:News

[ 2016-05-20T20:32:24+08:00 ] 127.0.0.1 /index.php?m=company&s=admin/business_info_list
ERR: 无法加载控制器:Business_info_list

[ 2016-05-20T20:33:48+08:00 ] 127.0.0.1 /index.php?m=news&s=admin/newslist&submit=%E5%88%A0%E9%99%A4&did=999%29%20and%20%28SELECT%201%20from%20%28select%20count%28*%29,concat%28floor%28rand%280%29*2%29,%28substring%28%28select%28selEct%20concat%28user,0x7c,password%29%20from%20f10bd198561acb0197452013b7a82429%20limit%200,1%29%29,1,62%29%29%29a%20from%20information_schema.tables%20group%20by%20a%29b%29%23
ERR: 无法加载控制器:Newslist

[ 2016-05-20T20:33:49+08:00 ] 127.0.0.1 /index.php?m=payment&s=admin/pickupmod
ERR: 无法加载控制器:Pickupmod

[ 2016-05-20T20:33:57+08:00 ] 127.0.0.1 /admin.php?c=ajax&f=exit&filename=opt&group_id=1%20union%20select%203,1,0,md5(1122),account,6%20from%20qinggan_adm%20where%20id%20like%201%23&identifier=1
ERR: 无法加载控制器:Ajax

[ 2016-05-20T20:51:39+08:00 ] 127.0.0.1 /admin.php/Wen/addWen.php
ERR: 非法操作:addWen.php

[ 2016-05-20T20:53:33+08:00 ] 127.0.0.1 /admin.php/Wen/undefineddialogs/link/link.js
ERR: 非法操作:undefineddialogs

[ 2016-05-20T20:53:33+08:00 ] 127.0.0.1 /admin.php/Wen/undefineddialogs/image/image.js
ERR: 非法操作:undefineddialogs

[ 2016-05-20T20:53:33+08:00 ] 127.0.0.1 /admin.php/Wen/undefineddialogs/map/map.js
ERR: 非法操作:undefineddialogs

[ 2016-05-20T20:53:33+08:00 ] 127.0.0.1 /admin.php/Wen/undefineddialogs/video/video.js
ERR: 非法操作:undefineddialogs

[ 2016-05-20T20:53:33+08:00 ] 127.0.0.1 /admin.php/Wen/undefineddialogs/formula/formula.js
ERR: 非法操作:undefineddialogs

[ 2016-05-20T20:53:33+08:00 ] 127.0.0.1 /admin.php/Wen/undefineddialogs/emotion/emotion.js
ERR: 非法操作:undefineddialogs

[ 2016-05-20T20:55:25+08:00 ] 127.0.0.1 /admin.php/Wen/undefineddialogs/link/link.js
ERR: 非法操作:undefineddialogs

[ 2016-05-20T20:55:25+08:00 ] 127.0.0.1 /admin.php/Wen/undefineddialogs/image/image.js
ERR: 非法操作:undefineddialogs

[ 2016-05-20T20:55:25+08:00 ] 127.0.0.1 /admin.php/Wen/undefineddialogs/map/map.js
ERR: 非法操作:undefineddialogs

[ 2016-05-20T20:55:25+08:00 ] 127.0.0.1 /admin.php/Wen/undefineddialogs/emotion/emotion.js
ERR: 非法操作:undefineddialogs

[ 2016-05-20T20:55:25+08:00 ] 127.0.0.1 /admin.php/Wen/undefineddialogs/formula/formula.js
ERR: 非法操作:undefineddialogs

[ 2016-05-20T20:55:25+08:00 ] 127.0.0.1 /admin.php/Wen/undefineddialogs/video/video.js
ERR: 非法操作:undefineddialogs

[ 2016-05-20T20:57:12+08:00 ] 127.0.0.1 /admin.php/Wen/undefineddialogs/link/link.js
ERR: 非法操作:undefineddialogs

[ 2016-05-20T20:57:12+08:00 ] 127.0.0.1 /admin.php/Wen/undefineddialogs/image/image.js
ERR: 非法操作:undefineddialogs

[ 2016-05-20T20:57:12+08:00 ] 127.0.0.1 /admin.php/Wen/undefineddialogs/video/video.js
ERR: 非法操作:undefineddialogs

[ 2016-05-20T20:57:12+08:00 ] 127.0.0.1 /admin.php/Wen/undefineddialogs/formula/formula.js
ERR: 非法操作:undefineddialogs

[ 2016-05-20T21:00:42+08:00 ] 127.0.0.1 /admin.php/Wen/undefineddialogs/link/link.js
ERR: 非法操作:undefineddialogs

[ 2016-05-20T21:00:42+08:00 ] 127.0.0.1 /admin.php/Wen/undefineddialogs/image/image.js
ERR: 非法操作:undefineddialogs

[ 2016-05-20T21:00:42+08:00 ] 127.0.0.1 /admin.php/Wen/undefineddialogs/map/map.js
ERR: 非法操作:undefineddialogs

[ 2016-05-20T21:00:42+08:00 ] 127.0.0.1 /admin.php/Wen/undefineddialogs/video/video.js
ERR: 非法操作:undefineddialogs

[ 2016-05-20T21:00:42+08:00 ] 127.0.0.1 /admin.php/Wen/undefineddialogs/formula/formula.js
ERR: 非法操作:undefineddialogs

[ 2016-05-20T21:00:42+08:00 ] 127.0.0.1 /admin.php/Wen/undefineddialogs/emotion/emotion.js
ERR: 非法操作:undefineddialogs

[ 2016-05-20T21:01:00+08:00 ] 127.0.0.1 /admin.php/Wen/undefineddialogs/link/link.js
ERR: 非法操作:undefineddialogs

[ 2016-05-20T21:01:00+08:00 ] 127.0.0.1 /admin.php/Wen/undefineddialogs/image/image.js
ERR: 非法操作:undefineddialogs

[ 2016-05-20T21:01:00+08:00 ] 127.0.0.1 /admin.php/Wen/undefineddialogs/formula/formula.js
ERR: 非法操作:undefineddialogs

[ 2016-05-20T21:01:00+08:00 ] 127.0.0.1 /admin.php/Wen/undefineddialogs/map/map.js
ERR: 非法操作:undefineddialogs

[ 2016-05-20T21:01:00+08:00 ] 127.0.0.1 /admin.php/Wen/undefineddialogs/video/video.js
ERR: 非法操作:undefineddialogs

[ 2016-05-20T21:01:00+08:00 ] 127.0.0.1 /admin.php/Wen/undefineddialogs/emotion/emotion.js
ERR: 非法操作:undefineddialogs

[ 2016-05-20T21:01:04+08:00 ] 127.0.0.1 /admin.php/Wen/undefineddialogs/link/link.js
ERR: 非法操作:undefineddialogs

[ 2016-05-20T21:01:04+08:00 ] 127.0.0.1 /admin.php/Wen/undefineddialogs/image/image.js
ERR: 非法操作:undefineddialogs

[ 2016-05-20T21:01:04+08:00 ] 127.0.0.1 /admin.php/Wen/undefineddialogs/video/video.js
ERR: 非法操作:undefineddialogs

[ 2016-05-20T21:01:04+08:00 ] 127.0.0.1 /admin.php/Wen/undefineddialogs/map/map.js
ERR: 非法操作:undefineddialogs

[ 2016-05-20T21:01:04+08:00 ] 127.0.0.1 /admin.php/Wen/undefineddialogs/formula/formula.js
ERR: 非法操作:undefineddialogs

[ 2016-05-20T21:01:04+08:00 ] 127.0.0.1 /admin.php/Wen/undefineddialogs/emotion/emotion.js
ERR: 非法操作:undefineddialogs

[ 2016-05-20T21:01:11+08:00 ] 127.0.0.1 /admin.php/Wen/undefineddialogs/link/link.js
ERR: 非法操作:undefineddialogs

[ 2016-05-20T21:01:11+08:00 ] 127.0.0.1 /admin.php/Wen/undefineddialogs/image/image.js
ERR: 非法操作:undefineddialogs

[ 2016-05-20T21:01:11+08:00 ] 127.0.0.1 /admin.php/Wen/undefineddialogs/video/video.js
ERR: 非法操作:undefineddialogs

[ 2016-05-20T21:01:11+08:00 ] 127.0.0.1 /admin.php/Wen/undefineddialogs/map/map.js
ERR: 非法操作:undefineddialogs

[ 2016-05-20T21:01:11+08:00 ] 127.0.0.1 /admin.php/Wen/undefineddialogs/formula/formula.js
ERR: 非法操作:undefineddialogs

[ 2016-05-20T21:01:11+08:00 ] 127.0.0.1 /admin.php/Wen/undefineddialogs/emotion/emotion.js
ERR: 非法操作:undefineddialogs

[ 2016-05-20T21:01:35+08:00 ] 127.0.0.1 /admin.php/Wen/undefineddialogs/link/link.js
ERR: 非法操作:undefineddialogs

[ 2016-05-20T21:01:35+08:00 ] 127.0.0.1 /admin.php/Wen/undefineddialogs/image/image.js
ERR: 非法操作:undefineddialogs

[ 2016-05-20T21:01:35+08:00 ] 127.0.0.1 /admin.php/Wen/undefineddialogs/formula/formula.js
ERR: 非法操作:undefineddialogs

[ 2016-05-20T21:01:35+08:00 ] 127.0.0.1 /admin.php/Wen/undefineddialogs/emotion/emotion.js
ERR: 非法操作:undefineddialogs

[ 2016-05-20T21:01:35+08:00 ] 127.0.0.1 /admin.php/Wen/undefineddialogs/video/video.js
ERR: 非法操作:undefineddialogs

[ 2016-05-20T21:01:35+08:00 ] 127.0.0.1 /admin.php/Wen/undefineddialogs/map/map.js
ERR: 非法操作:undefineddialogs

[ 2016-05-20T21:01:47+08:00 ] 127.0.0.1 /admin.php/Wen/undefineddialogs/link/link.js
ERR: 非法操作:undefineddialogs

[ 2016-05-20T21:01:47+08:00 ] 127.0.0.1 /admin.php/Wen/undefineddialogs/image/image.js
ERR: 非法操作:undefineddialogs

[ 2016-05-20T21:01:47+08:00 ] 127.0.0.1 /admin.php/Wen/undefineddialogs/emotion/emotion.js
ERR: 非法操作:undefineddialogs

[ 2016-05-20T21:01:47+08:00 ] 127.0.0.1 /admin.php/Wen/undefineddialogs/video/video.js
ERR: 非法操作:undefineddialogs

[ 2016-05-20T21:01:47+08:00 ] 127.0.0.1 /admin.php/Wen/undefineddialogs/map/map.js
ERR: 非法操作:undefineddialogs

[ 2016-05-20T21:01:47+08:00 ] 127.0.0.1 /admin.php/Wen/undefineddialogs/formula/formula.js
ERR: 非法操作:undefineddialogs

[ 2016-05-20T21:02:11+08:00 ] 127.0.0.1 /admin.php?c=js&f=index&ext=../config.php
ERR: 无法加载控制器:Js

[ 2016-05-20T21:04:47+08:00 ] 127.0.0.1 /admin.php/Wen/lang/zh-cn/zh-cn.js
ERR: 非法操作:lang

[ 2016-05-20T21:04:47+08:00 ] 127.0.0.1 /admin.php/Wen/lang/zh-cn/zh-cn.js
ERR: 非法操作:lang

[ 2016-05-20T21:04:47+08:00 ] 127.0.0.1 /admin.php/Wen/undefinedlang/zh-cn/zh-cn.js
ERR: 非法操作:undefinedlang

[ 2016-05-20T21:05:50+08:00 ] 127.0.0.1 /admin.php/Wen/undefineddialogs/link/link.js
ERR: 非法操作:undefineddialogs

[ 2016-05-20T21:05:50+08:00 ] 127.0.0.1 /admin.php/Wen/undefineddialogs/image/image.js
ERR: 非法操作:undefineddialogs

[ 2016-05-20T21:05:50+08:00 ] 127.0.0.1 /admin.php/Wen/undefineddialogs/video/video.js
ERR: 非法操作:undefineddialogs

[ 2016-05-20T21:05:50+08:00 ] 127.0.0.1 /admin.php/Wen/undefineddialogs/formula/formula.js
ERR: 非法操作:undefineddialogs

[ 2016-05-20T21:05:50+08:00 ] 127.0.0.1 /admin.php/Wen/undefineddialogs/map/map.js
ERR: 非法操作:undefineddialogs

[ 2016-05-20T21:05:50+08:00 ] 127.0.0.1 /admin.php/Wen/undefineddialogs/emotion/emotion.js
ERR: 非法操作:undefineddialogs

[ 2016-05-20T21:07:50+08:00 ] 127.0.0.1 /admin.php/Wen/undefineddialogs/link/link.js
ERR: 非法操作:undefineddialogs

[ 2016-05-20T21:07:50+08:00 ] 127.0.0.1 /admin.php/Wen/undefineddialogs/image/image.js
ERR: 非法操作:undefineddialogs

[ 2016-05-20T21:07:50+08:00 ] 127.0.0.1 /admin.php/Wen/undefineddialogs/video/video.js
ERR: 非法操作:undefineddialogs

[ 2016-05-20T21:07:50+08:00 ] 127.0.0.1 /admin.php/Wen/undefineddialogs/map/map.js
ERR: 非法操作:undefineddialogs

[ 2016-05-20T21:07:50+08:00 ] 127.0.0.1 /admin.php/Wen/undefineddialogs/formula/formula.js
ERR: 非法操作:undefineddialogs

[ 2016-05-20T21:07:50+08:00 ] 127.0.0.1 /admin.php/Wen/undefineddialogs/emotion/emotion.js
ERR: 非法操作:undefineddialogs

[ 2016-05-20T21:15:32+08:00 ] 127.0.0.1 /admin.php/Wen/undefineddialogs/link/link.js
ERR: 非法操作:undefineddialogs

[ 2016-05-20T21:15:32+08:00 ] 127.0.0.1 /admin.php/Wen/undefineddialogs/image/image.js
ERR: 非法操作:undefineddialogs

[ 2016-05-20T21:15:32+08:00 ] 127.0.0.1 /admin.php/Wen/undefineddialogs/map/map.js
ERR: 非法操作:undefineddialogs

[ 2016-05-20T21:15:32+08:00 ] 127.0.0.1 /admin.php/Wen/undefineddialogs/video/video.js
ERR: 非法操作:undefineddialogs

[ 2016-05-20T21:15:32+08:00 ] 127.0.0.1 /admin.php/Wen/undefineddialogs/emotion/emotion.js
ERR: 非法操作:undefineddialogs

[ 2016-05-20T21:15:32+08:00 ] 127.0.0.1 /admin.php/Wen/undefineddialogs/formula/formula.js
ERR: 非法操作:undefineddialogs

[ 2016-05-20T21:32:34+08:00 ] 127.0.0.1 /admin.php/Wen/doAddWen.php
INFO: [ app_begin ] --START--
INFO: Run Behavior\ReadHtmlCacheBehavior [ RunTime:0.000000s ]
INFO: [ app_begin ] --END-- [ RunTime:0.001000s ]
ERR: 非法操作:doAddWen.php

[ 2016-05-20T21:33:10+08:00 ] 127.0.0.1 /admin.php/Wen/doAddWen.php
INFO: [ app_begin ] --START--
INFO: Run Behavior\ReadHtmlCacheBehavior [ RunTime:0.000000s ]
INFO: [ app_begin ] --END-- [ RunTime:0.001000s ]
ERR: 非法操作:doAddWen.php

[ 2016-05-20T21:33:10+08:00 ] 127.0.0.1 /admin.php/Wen/doAddWen.php
INFO: [ app_begin ] --START--
INFO: Run Behavior\ReadHtmlCacheBehavior [ RunTime:0.001000s ]
INFO: [ app_begin ] --END-- [ RunTime:0.001000s ]
ERR: 非法操作:doAddWen.php

[ 2016-05-20T21:33:11+08:00 ] 127.0.0.1 /admin.php/Wen/doAddWen.php
INFO: [ app_begin ] --START--
INFO: Run Behavior\ReadHtmlCacheBehavior [ RunTime:0.000000s ]
INFO: [ app_begin ] --END-- [ RunTime:0.000000s ]
ERR: 非法操作:doAddWen.php

[ 2016-05-20T21:33:14+08:00 ] 127.0.0.1 /admin.php/Wen/doAddWen.php
INFO: [ app_begin ] --START--
INFO: Run Behavior\ReadHtmlCacheBehavior [ RunTime:0.000000s ]
INFO: [ app_begin ] --END-- [ RunTime:0.001000s ]
ERR: 非法操作:doAddWen.php

[ 2016-05-20T21:34:35+08:00 ] 127.0.0.1 /admin.php/Wen/doAddWen.php
INFO: [ app_begin ] --START--
INFO: Run Behavior\ReadHtmlCacheBehavior [ RunTime:0.000000s ]
INFO: [ app_begin ] --END-- [ RunTime:0.000000s ]
ERR: 非法操作:doAddWen.php

[ 2016-05-20T21:34:36+08:00 ] 127.0.0.1 /admin.php/Wen/doAddWen.php
INFO: [ app_begin ] --START--
INFO: Run Behavior\ReadHtmlCacheBehavior [ RunTime:0.001000s ]
INFO: [ app_begin ] --END-- [ RunTime:0.001000s ]
ERR: 非法操作:doAddWen.php

[ 2016-05-20T21:34:37+08:00 ] 127.0.0.1 /admin.php/Wen/doAddWen.php
INFO: [ app_begin ] --START--
INFO: Run Behavior\ReadHtmlCacheBehavior [ RunTime:0.000000s ]
INFO: [ app_begin ] --END-- [ RunTime:0.000000s ]
ERR: 非法操作:doAddWen.php

[ 2016-05-20T21:34:38+08:00 ] 127.0.0.1 /admin.php/Wen/doAddWen.php
INFO: [ app_begin ] --START--
INFO: Run Behavior\ReadHtmlCacheBehavior [ RunTime:0.001000s ]
INFO: [ app_begin ] --END-- [ RunTime:0.001000s ]
ERR: 非法操作:doAddWen.php

[ 2016-05-20T21:34:38+08:00 ] 127.0.0.1 /admin.php/Wen/doAddWen.php
INFO: [ app_begin ] --START--
INFO: Run Behavior\ReadHtmlCacheBehavior [ RunTime:0.000000s ]
INFO: [ app_begin ] --END-- [ RunTime:0.001000s ]
ERR: 非法操作:doAddWen.php

[ 2016-05-20T21:34:38+08:00 ] 127.0.0.1 /admin.php/Wen/doAddWen.php
INFO: [ app_begin ] --START--
INFO: Run Behavior\ReadHtmlCacheBehavior [ RunTime:0.001000s ]
INFO: [ app_begin ] --END-- [ RunTime:0.001000s ]
ERR: 非法操作:doAddWen.php

[ 2016-05-20T21:34:38+08:00 ] 127.0.0.1 /admin.php/Wen/doAddWen.php
INFO: [ app_begin ] --START--
INFO: Run Behavior\ReadHtmlCacheBehavior [ RunTime:0.000000s ]
INFO: [ app_begin ] --END-- [ RunTime:0.000000s ]
ERR: 非法操作:doAddWen.php

[ 2016-05-20T21:34:44+08:00 ] 127.0.0.1 /admin.php/Wen/doAddWen.php
INFO: [ app_begin ] --START--
INFO: Run Behavior\ReadHtmlCacheBehavior [ RunTime:0.001000s ]
INFO: [ app_begin ] --END-- [ RunTime:0.001000s ]
ERR: 非法操作:doAddWen.php

[ 2016-05-20T21:34:45+08:00 ] 127.0.0.1 /admin.php/Wen/doAddWen.php
INFO: [ app_begin ] --START--
INFO: Run Behavior\ReadHtmlCacheBehavior [ RunTime:0.001000s ]
INFO: [ app_begin ] --END-- [ RunTime:0.001000s ]
ERR: 非法操作:doAddWen.php

[ 2016-05-20T21:34:45+08:00 ] 127.0.0.1 /admin.php/Wen/doAddWen.php
INFO: [ app_begin ] --START--
INFO: Run Behavior\ReadHtmlCacheBehavior [ RunTime:0.000000s ]
INFO: [ app_begin ] --END-- [ RunTime:0.000000s ]
ERR: 非法操作:doAddWen.php

[ 2016-05-20T21:34:45+08:00 ] 127.0.0.1 /admin.php/Wen/doAddWen.php
INFO: [ app_begin ] --START--
INFO: Run Behavior\ReadHtmlCacheBehavior [ RunTime:0.001000s ]
INFO: [ app_begin ] --END-- [ RunTime:0.001000s ]
ERR: 非法操作:doAddWen.php

[ 2016-05-20T21:34:45+08:00 ] 127.0.0.1 /admin.php/Wen/doAddWen.php
INFO: [ app_begin ] --START--
INFO: Run Behavior\ReadHtmlCacheBehavior [ RunTime:0.000000s ]
INFO: [ app_begin ] --END-- [ RunTime:0.001001s ]
ERR: 非法操作:doAddWen.php

[ 2016-05-20T21:34:45+08:00 ] 127.0.0.1 /admin.php/Wen/doAddWen.php
INFO: [ app_begin ] --START--
INFO: Run Behavior\ReadHtmlCacheBehavior [ RunTime:0.001000s ]
INFO: [ app_begin ] --END-- [ RunTime:0.001000s ]
ERR: 非法操作:doAddWen.php

[ 2016-05-20T21:34:46+08:00 ] 127.0.0.1 /admin.php/Wen/doAddWen.php
INFO: [ app_begin ] --START--
INFO: Run Behavior\ReadHtmlCacheBehavior [ RunTime:0.000000s ]
INFO: [ app_begin ] --END-- [ RunTime:0.001000s ]
ERR: 非法操作:doAddWen.php

[ 2016-05-20T21:34:46+08:00 ] 127.0.0.1 /admin.php/Wen/doAddWen.php
INFO: [ app_begin ] --START--
INFO: Run Behavior\ReadHtmlCacheBehavior [ RunTime:0.001000s ]
INFO: [ app_begin ] --END-- [ RunTime:0.001000s ]
ERR: 非法操作:doAddWen.php

[ 2016-05-20T21:34:46+08:00 ] 127.0.0.1 /admin.php/Wen/doAddWen.php
INFO: [ app_begin ] --START--
INFO: Run Behavior\ReadHtmlCacheBehavior [ RunTime:0.000000s ]
INFO: [ app_begin ] --END-- [ RunTime:0.000000s ]
ERR: 非法操作:doAddWen.php

[ 2016-05-20T21:34:46+08:00 ] 127.0.0.1 /admin.php/Wen/doAddWen.php
INFO: [ app_begin ] --START--
INFO: Run Behavior\ReadHtmlCacheBehavior [ RunTime:0.000000s ]
INFO: [ app_begin ] --END-- [ RunTime:0.001000s ]
ERR: 非法操作:doAddWen.php

[ 2016-05-20T21:34:47+08:00 ] 127.0.0.1 /admin.php/Wen/doAddWen.php
INFO: [ app_begin ] --START--
INFO: Run Behavior\ReadHtmlCacheBehavior [ RunTime:0.001000s ]
INFO: [ app_begin ] --END-- [ RunTime:0.001000s ]
ERR: 非法操作:doAddWen.php

[ 2016-05-20T21:34:47+08:00 ] 127.0.0.1 /admin.php/Wen/doAddWen.php
INFO: [ app_begin ] --START--
INFO: Run Behavior\ReadHtmlCacheBehavior [ RunTime:0.001000s ]
INFO: [ app_begin ] --END-- [ RunTime:0.001000s ]
ERR: 非法操作:doAddWen.php

[ 2016-05-20T21:34:47+08:00 ] 127.0.0.1 /admin.php/Wen/doAddWen.php
INFO: [ app_begin ] --START--
INFO: Run Behavior\ReadHtmlCacheBehavior [ RunTime:0.000000s ]
INFO: [ app_begin ] --END-- [ RunTime:0.000000s ]
ERR: 非法操作:doAddWen.php

[ 2016-05-20T21:34:48+08:00 ] 127.0.0.1 /admin.php/Wen/doAddWen.php
INFO: [ app_begin ] --START--
INFO: Run Behavior\ReadHtmlCacheBehavior [ RunTime:0.000000s ]
INFO: [ app_begin ] --END-- [ RunTime:0.000000s ]
ERR: 非法操作:doAddWen.php

[ 2016-05-20T21:34:48+08:00 ] 127.0.0.1 /admin.php/Wen/doAddWen.php
INFO: [ app_begin ] --START--
INFO: Run Behavior\ReadHtmlCacheBehavior [ RunTime:0.001000s ]
INFO: [ app_begin ] --END-- [ RunTime:0.001000s ]
ERR: 非法操作:doAddWen.php

[ 2016-05-20T21:40:25+08:00 ] 127.0.0.1 /admin.php/Wen/doAddWen.html
INFO: [ app_begin ] --START--
INFO: Run Behavior\ReadHtmlCacheBehavior [ RunTime:0.000000s ]
INFO: [ app_begin ] --END-- [ RunTime:0.000000s ]

[ 2016-05-20T21:41:07+08:00 ] 127.0.0.1 /admin.php/Wen/doAddWen.html
INFO: [ app_begin ] --START--
INFO: Run Behavior\ReadHtmlCacheBehavior [ RunTime:0.000000s ]
INFO: [ app_begin ] --END-- [ RunTime:0.001000s ]
INFO: [ app_end ] --START--
INFO: Run Behavior\ShowPageTraceBehavior [ RunTime:0.000000s ]
INFO: [ app_end ] --END-- [ RunTime:0.000000s ]

[ 2016-05-20T21:41:20+08:00 ] 127.0.0.1 /admin.php/Wen/doAddWen.html
INFO: [ app_begin ] --START--
INFO: Run Behavior\ReadHtmlCacheBehavior [ RunTime:0.000000s ]
INFO: [ app_begin ] --END-- [ RunTime:0.001001s ]
INFO: [ app_end ] --START--
INFO: Run Behavior\ShowPageTraceBehavior [ RunTime:0.000000s ]
INFO: [ app_end ] --END-- [ RunTime:0.001000s ]

[ 2016-05-20T21:45:06+08:00 ] 127.0.0.1 /admin.php/Wen/doAddWen.html
INFO: [ app_begin ] --START--
INFO: Run Behavior\ReadHtmlCacheBehavior [ RunTime:0.000000s ]
INFO: [ app_begin ] --END-- [ RunTime:0.000000s ]
INFO: [ app_end ] --START--
INFO: Run Behavior\ShowPageTraceBehavior [ RunTime:0.000000s ]
INFO: [ app_end ] --END-- [ RunTime:0.000000s ]

[ 2016-05-20T21:50:09+08:00 ] 127.0.0.1 /admin.php/Wen/doAddWen.html
INFO: [ app_begin ] --START--
INFO: Run Behavior\ReadHtmlCacheBehavior [ RunTime:0.001000s ]
INFO: [ app_begin ] --END-- [ RunTime:0.001000s ]
INFO: [ app_end ] --START--
INFO: Run Behavior\ShowPageTraceBehavior [ RunTime:0.001000s ]
INFO: [ app_end ] --END-- [ RunTime:0.001000s ]

[ 2016-05-20T21:50:38+08:00 ] 127.0.0.1 /admin.php/Wen/doAddWen.html/ss
INFO: [ app_begin ] --START--
INFO: Run Behavior\ReadHtmlCacheBehavior [ RunTime:0.001000s ]
INFO: [ app_begin ] --END-- [ RunTime:0.001000s ]
ERR: 非法操作:doAddWen.html

[ 2016-05-20T21:50:39+08:00 ] 127.0.0.1 /admin.php/Wen/doAddWen.html/ss
INFO: [ app_begin ] --START--
INFO: Run Behavior\ReadHtmlCacheBehavior [ RunTime:0.000000s ]
INFO: [ app_begin ] --END-- [ RunTime:0.000000s ]
ERR: 非法操作:doAddWen.html

[ 2016-05-20T21:50:40+08:00 ] 127.0.0.1 /admin.php/Wen/doAddWen.html/ss
INFO: [ app_begin ] --START--
INFO: Run Behavior\ReadHtmlCacheBehavior [ RunTime:0.000000s ]
INFO: [ app_begin ] --END-- [ RunTime:0.000000s ]
ERR: 非法操作:doAddWen.html

[ 2016-05-20T21:50:50+08:00 ] 127.0.0.1 /admin.php/Wen/doAddWen.html/ss
INFO: [ app_begin ] --START--
INFO: Run Behavior\ReadHtmlCacheBehavior [ RunTime:0.000000s ]
INFO: [ app_begin ] --END-- [ RunTime:0.000000s ]
ERR: 非法操作:doAddWen.html

[ 2016-05-20T21:54:39+08:00 ] 127.0.0.1 /index.php?m=announcement&s=admin/notice
ERR: 无法加载控制器:Notice

[ 2016-05-20T21:56:11+08:00 ] 127.0.0.1 /index.php?m=announcement&s=admin/notice_manager&action=modify&id=1212%20UnIon%20select%201,2,concat(user,0x7c,password),4,5,6,7,8%20from%20webscan%23
ERR: 无法加载控制器:Notice_manager

[ 2016-05-20T21:56:13+08:00 ] 127.0.0.1 /index.php?m=company&s=admin/exportexcel&ordrby=user%20and%201=websec%23
ERR: 无法加载控制器:Exportexcel

[ 2016-05-20T21:56:14+08:00 ] 127.0.0.1 /index.php?m=news&s=admin/news&newsid=1%20and%20(SELECT%201%20from%20websec)
ERR: 无法加载控制器:News

[ 2016-05-20T21:57:28+08:00 ] 127.0.0.1 /index.php?m=company&s=admin/business_info_list
ERR: 无法加载控制器:Business_info_list

[ 2016-05-20T21:59:08+08:00 ] 127.0.0.1 /index.php?m=news&s=admin/newslist&submit=%E5%88%A0%E9%99%A4&did=999%29%20and%20%28SELECT%201%20from%20%28select%20count%28*%29,concat%28floor%28rand%280%29*2%29,%28substring%28%28select%28selEct%20concat%28user,0x7c,password%29%20from%20f10bd198561acb0197452013b7a82429%20limit%200,1%29%29,1,62%29%29%29a%20from%20information_schema.tables%20group%20by%20a%29b%29%23
ERR: 无法加载控制器:Newslist

[ 2016-05-20T21:59:09+08:00 ] 127.0.0.1 /index.php?m=payment&s=admin/pickupmod
ERR: 无法加载控制器:Pickupmod

[ 2016-05-20T21:59:15+08:00 ] 127.0.0.1 /admin.php/Wen/doAddWen.html
INFO: [ app_begin ] --START--
INFO: Run Behavior\ReadHtmlCacheBehavior [ RunTime:0.001001s ]
INFO: [ app_begin ] --END-- [ RunTime:0.001001s ]
INFO: [ app_end ] --START--
INFO: Run Behavior\ShowPageTraceBehavior [ RunTime:0.001000s ]
INFO: [ app_end ] --END-- [ RunTime:0.001000s ]

[ 2016-05-20T21:59:22+08:00 ] 127.0.0.1 /admin.php?c=ajax&f=exit&filename=opt&group_id=1%20union%20select%203,1,0,md5(1122),account,6%20from%20qinggan_adm%20where%20id%20like%201%23&identifier=1
ERR: 无法加载控制器:Ajax

[ 2016-05-20T21:59:24+08:00 ] 127.0.0.1 /admin.php/Wen/doAddWen.html
INFO: [ app_begin ] --START--
INFO: Run Behavior\ReadHtmlCacheBehavior [ RunTime:0.000000s ]
INFO: [ app_begin ] --END-- [ RunTime:0.001000s ]
INFO: [ app_end ] --START--
INFO: Run Behavior\ShowPageTraceBehavior [ RunTime:0.000000s ]
INFO: [ app_end ] --END-- [ RunTime:0.000000s ]

[ 2016-05-20T21:59:25+08:00 ] 127.0.0.1 /admin.php/Wen/doAddWen.html
INFO: [ app_begin ] --START--
INFO: Run Behavior\ReadHtmlCacheBehavior [ RunTime:0.001000s ]
INFO: [ app_begin ] --END-- [ RunTime:0.001000s ]
INFO: [ app_end ] --START--
INFO: Run Behavior\ShowPageTraceBehavior [ RunTime:0.001000s ]
INFO: [ app_end ] --END-- [ RunTime:0.001000s ]

[ 2016-05-20T21:59:26+08:00 ] 127.0.0.1 /admin.php/Wen/doAddWen.html
INFO: [ app_begin ] --START--
INFO: Run Behavior\ReadHtmlCacheBehavior [ RunTime:0.000000s ]
INFO: [ app_begin ] --END-- [ RunTime:0.000000s ]
INFO: [ app_end ] --START--
INFO: Run Behavior\ShowPageTraceBehavior [ RunTime:0.000000s ]
INFO: [ app_end ] --END-- [ RunTime:0.000000s ]

[ 2016-05-20T21:59:56+08:00 ] 127.0.0.1 /admin.php/Wen/doAddWen.html
INFO: [ app_begin ] --START--
INFO: Run Behavior\ReadHtmlCacheBehavior [ RunTime:0.000000s ]
INFO: [ app_begin ] --END-- [ RunTime:0.001000s ]
INFO: [ app_end ] --START--
INFO: Run Behavior\ShowPageTraceBehavior [ RunTime:0.000000s ]
INFO: [ app_end ] --END-- [ RunTime:0.000000s ]

[ 2016-05-20T21:59:59+08:00 ] 127.0.0.1 /admin.php/Wen/doAddWen.html
INFO: [ app_begin ] --START--
INFO: Run Behavior\ReadHtmlCacheBehavior [ RunTime:0.001000s ]
INFO: [ app_begin ] --END-- [ RunTime:0.001000s ]
INFO: [ app_end ] --START--
INFO: Run Behavior\ShowPageTraceBehavior [ RunTime:0.000000s ]
INFO: [ app_end ] --END-- [ RunTime:0.000000s ]

[ 2016-05-20T22:01:43+08:00 ] 127.0.0.1 /admin.php/Wen/doAddWen.html
INFO: [ app_begin ] --START--
INFO: Run Behavior\ReadHtmlCacheBehavior [ RunTime:0.000000s ]
INFO: [ app_begin ] --END-- [ RunTime:0.001000s ]
INFO: [ app_end ] --START--
INFO: Run Behavior\ShowPageTraceBehavior [ RunTime:0.000000s ]
INFO: [ app_end ] --END-- [ RunTime:0.000000s ]

[ 2016-05-20T22:02:02+08:00 ] 127.0.0.1 /admin.php/Wen/doAddWen.html
INFO: [ app_begin ] --START--
INFO: Run Behavior\ReadHtmlCacheBehavior [ RunTime:0.001000s ]
INFO: [ app_begin ] --END-- [ RunTime:0.002000s ]
INFO: [ app_end ] --START--
INFO: Run Behavior\ShowPageTraceBehavior [ RunTime:0.000000s ]
INFO: [ app_end ] --END-- [ RunTime:0.000000s ]

[ 2016-05-20T22:02:05+08:00 ] 127.0.0.1 /admin.php/Wen/doAddWen.html
INFO: [ app_begin ] --START--
INFO: Run Behavior\ReadHtmlCacheBehavior [ RunTime:0.000000s ]
INFO: [ app_begin ] --END-- [ RunTime:0.001000s ]
INFO: [ app_end ] --START--
INFO: Run Behavior\ShowPageTraceBehavior [ RunTime:0.000000s ]
INFO: [ app_end ] --END-- [ RunTime:0.000000s ]

[ 2016-05-20T22:02:07+08:00 ] 127.0.0.1 /admin.php/Wen/doAddWen.html
INFO: [ app_begin ] --START--
INFO: Run Behavior\ReadHtmlCacheBehavior [ RunTime:0.000000s ]
INFO: [ app_begin ] --END-- [ RunTime:0.000000s ]
INFO: [ app_end ] --START--
INFO: Run Behavior\ShowPageTraceBehavior [ RunTime:0.001000s ]
INFO: [ app_end ] --END-- [ RunTime:0.001000s ]

[ 2016-05-20T22:02:28+08:00 ] 127.0.0.1 /admin.php/Wen/doAddWen.html
INFO: [ app_begin ] --START--
INFO: Run Behavior\ReadHtmlCacheBehavior [ RunTime:0.000000s ]
INFO: [ app_begin ] --END-- [ RunTime:0.001000s ]
INFO: [ app_end ] --START--
INFO: Run Behavior\ShowPageTraceBehavior [ RunTime:0.001000s ]
INFO: [ app_end ] --END-- [ RunTime:0.001000s ]

[ 2016-05-20T22:02:29+08:00 ] 127.0.0.1 /admin.php/Wen/doAddWen.html
INFO: [ app_begin ] --START--
INFO: Run Behavior\ReadHtmlCacheBehavior [ RunTime:0.000000s ]
INFO: [ app_begin ] --END-- [ RunTime:0.000000s ]
INFO: [ app_end ] --START--
INFO: Run Behavior\ShowPageTraceBehavior [ RunTime:0.000000s ]
INFO: [ app_end ] --END-- [ RunTime:0.000000s ]

[ 2016-05-20T22:02:30+08:00 ] 127.0.0.1 /admin.php/Wen/doAddWen.html
INFO: [ app_begin ] --START--
INFO: Run Behavior\ReadHtmlCacheBehavior [ RunTime:0.000000s ]
INFO: [ app_begin ] --END-- [ RunTime:0.000000s ]
INFO: [ app_end ] --START--
INFO: Run Behavior\ShowPageTraceBehavior [ RunTime:0.001000s ]
INFO: [ app_end ] --END-- [ RunTime:0.001000s ]

[ 2016-05-20T22:02:30+08:00 ] 127.0.0.1 /admin.php/Wen/doAddWen.html
INFO: [ app_begin ] --START--
INFO: Run Behavior\ReadHtmlCacheBehavior [ RunTime:0.000000s ]
INFO: [ app_begin ] --END-- [ RunTime:0.000000s ]
INFO: [ app_end ] --START--
INFO: Run Behavior\ShowPageTraceBehavior [ RunTime:0.001000s ]
INFO: [ app_end ] --END-- [ RunTime:0.001000s ]

[ 2016-05-20T22:02:30+08:00 ] 127.0.0.1 /admin.php/Wen/doAddWen.html
INFO: [ app_begin ] --START--
INFO: Run Behavior\ReadHtmlCacheBehavior [ RunTime:0.000000s ]
INFO: [ app_begin ] --END-- [ RunTime:0.001000s ]
INFO: [ app_end ] --START--
INFO: Run Behavior\ShowPageTraceBehavior [ RunTime:0.000000s ]
INFO: [ app_end ] --END-- [ RunTime:0.000000s ]

[ 2016-05-20T22:02:30+08:00 ] 127.0.0.1 /admin.php/Wen/doAddWen.html
INFO: [ app_begin ] --START--
INFO: Run Behavior\ReadHtmlCacheBehavior [ RunTime:0.000000s ]
INFO: [ app_begin ] --END-- [ RunTime:0.001000s ]
INFO: [ app_end ] --START--
INFO: Run Behavior\ShowPageTraceBehavior [ RunTime:0.000000s ]
INFO: [ app_end ] --END-- [ RunTime:0.001000s ]

[ 2016-05-20T22:02:30+08:00 ] 127.0.0.1 /admin.php/Wen/doAddWen.html
INFO: [ app_begin ] --START--
INFO: Run Behavior\ReadHtmlCacheBehavior [ RunTime:0.001001s ]
INFO: [ app_begin ] --END-- [ RunTime:0.001001s ]
INFO: [ app_end ] --START--
INFO: Run Behavior\ShowPageTraceBehavior [ RunTime:0.000000s ]
INFO: [ app_end ] --END-- [ RunTime:0.000000s ]

[ 2016-05-20T22:02:31+08:00 ] 127.0.0.1 /admin.php/Wen/doAddWen.html
INFO: [ app_begin ] --START--
INFO: Run Behavior\ReadHtmlCacheBehavior [ RunTime:0.000000s ]
INFO: [ app_begin ] --END-- [ RunTime:0.000000s ]
INFO: [ app_end ] --START--
INFO: Run Behavior\ShowPageTraceBehavior [ RunTime:0.000000s ]
INFO: [ app_end ] --END-- [ RunTime:0.000000s ]

[ 2016-05-20T22:03:20+08:00 ] 127.0.0.1 /admin.php/Wen/doAddWen.html
INFO: [ app_begin ] --START--
INFO: Run Behavior\ReadHtmlCacheBehavior [ RunTime:0.001000s ]
INFO: [ app_begin ] --END-- [ RunTime:0.001000s ]
INFO: [ app_end ] --START--
INFO: Run Behavior\ShowPageTraceBehavior [ RunTime:0.000000s ]
INFO: [ app_end ] --END-- [ RunTime:0.001001s ]

[ 2016-05-20T22:03:20+08:00 ] 127.0.0.1 /admin.php/Wen/doAddWen.html
INFO: [ app_begin ] --START--
INFO: Run Behavior\ReadHtmlCacheBehavior [ RunTime:0.001000s ]
INFO: [ app_begin ] --END-- [ RunTime:0.002000s ]
INFO: [ app_end ] --START--
INFO: Run Behavior\ShowPageTraceBehavior [ RunTime:0.000000s ]
INFO: [ app_end ] --END-- [ RunTime:0.000000s ]

[ 2016-05-20T22:03:21+08:00 ] 127.0.0.1 /admin.php/Wen/doAddWen.html
INFO: [ app_begin ] --START--
INFO: Run Behavior\ReadHtmlCacheBehavior [ RunTime:0.001000s ]
INFO: [ app_begin ] --END-- [ RunTime:0.001000s ]
INFO: [ app_end ] --START--
INFO: Run Behavior\ShowPageTraceBehavior [ RunTime:0.001000s ]
INFO: [ app_end ] --END-- [ RunTime:0.001000s ]

[ 2016-05-20T22:03:22+08:00 ] 127.0.0.1 /admin.php/Wen/doAddWen.html
INFO: [ app_begin ] --START--
INFO: Run Behavior\ReadHtmlCacheBehavior [ RunTime:0.001000s ]
INFO: [ app_begin ] --END-- [ RunTime:0.001000s ]
INFO: [ app_end ] --START--
INFO: Run Behavior\ShowPageTraceBehavior [ RunTime:0.001000s ]
INFO: [ app_end ] --END-- [ RunTime:0.001000s ]

[ 2016-05-20T22:03:22+08:00 ] 127.0.0.1 /admin.php/Wen/doAddWen.html
INFO: [ app_begin ] --START--
INFO: Run Behavior\ReadHtmlCacheBehavior [ RunTime:0.001000s ]
INFO: [ app_begin ] --END-- [ RunTime:0.001000s ]
INFO: [ app_end ] --START--
INFO: Run Behavior\ShowPageTraceBehavior [ RunTime:0.000000s ]
INFO: [ app_end ] --END-- [ RunTime:0.000000s ]

[ 2016-05-20T22:03:23+08:00 ] 127.0.0.1 /admin.php/Wen/doAddWen.html
INFO: [ app_begin ] --START--
INFO: Run Behavior\ReadHtmlCacheBehavior [ RunTime:0.001000s ]
INFO: [ app_begin ] --END-- [ RunTime:0.001000s ]
INFO: [ app_end ] --START--
INFO: Run Behavior\ShowPageTraceBehavior [ RunTime:0.000000s ]
INFO: [ app_end ] --END-- [ RunTime:0.000000s ]

[ 2016-05-20T22:03:23+08:00 ] 127.0.0.1 /admin.php/Wen/doAddWen.html
INFO: [ app_begin ] --START--
INFO: Run Behavior\ReadHtmlCacheBehavior [ RunTime:0.000000s ]
INFO: [ app_begin ] --END-- [ RunTime:0.001000s ]
INFO: [ app_end ] --START--
INFO: Run Behavior\ShowPageTraceBehavior [ RunTime:0.000000s ]
INFO: [ app_end ] --END-- [ RunTime:0.000000s ]

[ 2016-05-20T22:03:24+08:00 ] 127.0.0.1 /admin.php/Wen/doAddWen.html
INFO: [ app_begin ] --START--
INFO: Run Behavior\ReadHtmlCacheBehavior [ RunTime:0.001001s ]
INFO: [ app_begin ] --END-- [ RunTime:0.001001s ]
INFO: [ app_end ] --START--
INFO: Run Behavior\ShowPageTraceBehavior [ RunTime:0.001000s ]
INFO: [ app_end ] --END-- [ RunTime:0.001000s ]

[ 2016-05-20T22:03:24+08:00 ] 127.0.0.1 /admin.php/Wen/doAddWen.html
INFO: [ app_begin ] --START--
INFO: Run Behavior\ReadHtmlCacheBehavior [ RunTime:0.000000s ]
INFO: [ app_begin ] --END-- [ RunTime:0.000000s ]
INFO: [ app_end ] --START--
INFO: Run Behavior\ShowPageTraceBehavior [ RunTime:0.000000s ]
INFO: [ app_end ] --END-- [ RunTime:0.000000s ]

[ 2016-05-20T22:03:25+08:00 ] 127.0.0.1 /admin.php/Wen/doAddWen.html
INFO: [ app_begin ] --START--
INFO: Run Behavior\ReadHtmlCacheBehavior [ RunTime:0.001000s ]
INFO: [ app_begin ] --END-- [ RunTime:0.001000s ]
INFO: [ app_end ] --START--
INFO: Run Behavior\ShowPageTraceBehavior [ RunTime:0.000000s ]
INFO: [ app_end ] --END-- [ RunTime:0.000000s ]

[ 2016-05-20T22:04:49+08:00 ] 127.0.0.1 /admin.php/Wen/doAddWen.html
INFO: [ app_begin ] --START--
INFO: Run Behavior\ReadHtmlCacheBehavior [ RunTime:0.001000s ]
INFO: [ app_begin ] --END-- [ RunTime:0.001000s ]
INFO: [ app_end ] --START--
INFO: Run Behavior\ShowPageTraceBehavior [ RunTime:0.001000s ]
INFO: [ app_end ] --END-- [ RunTime:0.001000s ]

[ 2016-05-20T22:04:50+08:00 ] 127.0.0.1 /admin.php/Wen/doAddWen.html
INFO: [ app_begin ] --START--
INFO: Run Behavior\ReadHtmlCacheBehavior [ RunTime:0.000000s ]
INFO: [ app_begin ] --END-- [ RunTime:0.000000s ]
INFO: [ app_end ] --START--
INFO: Run Behavior\ShowPageTraceBehavior [ RunTime:0.000000s ]
INFO: [ app_end ] --END-- [ RunTime:0.000000s ]

[ 2016-05-20T22:04:51+08:00 ] 127.0.0.1 /admin.php/Wen/doAddWen.html
INFO: [ app_begin ] --START--
INFO: Run Behavior\ReadHtmlCacheBehavior [ RunTime:0.001000s ]
INFO: [ app_begin ] --END-- [ RunTime:0.001000s ]
INFO: [ app_end ] --START--
INFO: Run Behavior\ShowPageTraceBehavior [ RunTime:0.000000s ]
INFO: [ app_end ] --END-- [ RunTime:0.001000s ]

[ 2016-05-20T22:04:53+08:00 ] 127.0.0.1 /admin.php/Wen/doAddWen.html
INFO: [ app_begin ] --START--
INFO: Run Behavior\ReadHtmlCacheBehavior [ RunTime:0.001000s ]
INFO: [ app_begin ] --END-- [ RunTime:0.001000s ]
INFO: [ app_end ] --START--
INFO: Run Behavior\ShowPageTraceBehavior [ RunTime:0.001000s ]
INFO: [ app_end ] --END-- [ RunTime:0.001000s ]

[ 2016-05-20T22:04:54+08:00 ] 127.0.0.1 /admin.php/Wen/doAddWen.html
INFO: [ app_begin ] --START--
INFO: Run Behavior\ReadHtmlCacheBehavior [ RunTime:0.000000s ]
INFO: [ app_begin ] --END-- [ RunTime:0.000000s ]
INFO: [ app_end ] --START--
INFO: Run Behavior\ShowPageTraceBehavior [ RunTime:0.000000s ]
INFO: [ app_end ] --END-- [ RunTime:0.000000s ]

[ 2016-05-20T22:05:13+08:00 ] 127.0.0.1 /admin.php/Wen/doAddWen.html
INFO: [ app_begin ] --START--
INFO: Run Behavior\ReadHtmlCacheBehavior [ RunTime:0.000000s ]
INFO: [ app_begin ] --END-- [ RunTime:0.001001s ]
INFO: [ app_end ] --START--
INFO: Run Behavior\ShowPageTraceBehavior [ RunTime:0.000000s ]
INFO: [ app_end ] --END-- [ RunTime:0.000000s ]

[ 2016-05-20T22:05:14+08:00 ] 127.0.0.1 /admin.php/Wen/doAddWen.html
INFO: [ app_begin ] --START--
INFO: Run Behavior\ReadHtmlCacheBehavior [ RunTime:0.001000s ]
INFO: [ app_begin ] --END-- [ RunTime:0.001000s ]
INFO: [ app_end ] --START--
INFO: Run Behavior\ShowPageTraceBehavior [ RunTime:0.001000s ]
INFO: [ app_end ] --END-- [ RunTime:0.001000s ]

[ 2016-05-20T22:07:22+08:00 ] 127.0.0.1 /admin.php/Wen/doAddWen.html
INFO: [ app_begin ] --START--
INFO: Run Behavior\ReadHtmlCacheBehavior [ RunTime:0.000000s ]
INFO: [ app_begin ] --END-- [ RunTime:0.001000s ]
INFO: [ app_end ] --START--
INFO: Run Behavior\ShowPageTraceBehavior [ RunTime:0.001000s ]
INFO: [ app_end ] --END-- [ RunTime:0.001000s ]

[ 2016-05-20T22:07:53+08:00 ] 127.0.0.1 /admin.php/Wen/doAddWen.html
INFO: [ app_begin ] --START--
INFO: Run Behavior\ReadHtmlCacheBehavior [ RunTime:0.000000s ]
INFO: [ app_begin ] --END-- [ RunTime:0.001000s ]
INFO: [ app_end ] --START--
INFO: Run Behavior\ShowPageTraceBehavior [ RunTime:0.000000s ]
INFO: [ app_end ] --END-- [ RunTime:0.000000s ]

[ 2016-05-20T22:08:01+08:00 ] 127.0.0.1 /admin.php/Wen/doAddWen.html
INFO: [ app_begin ] --START--
INFO: Run Behavior\ReadHtmlCacheBehavior [ RunTime:0.000000s ]
INFO: [ app_begin ] --END-- [ RunTime:0.000000s ]
INFO: [ app_end ] --START--
INFO: Run Behavior\ShowPageTraceBehavior [ RunTime:0.000000s ]
INFO: [ app_end ] --END-- [ RunTime:0.000000s ]

[ 2016-05-20T22:08:09+08:00 ] 127.0.0.1 /admin.php/Wen/doAddWen.html
INFO: [ app_begin ] --START--
INFO: Run Behavior\ReadHtmlCacheBehavior [ RunTime:0.000000s ]
INFO: [ app_begin ] --END-- [ RunTime:0.001000s ]
INFO: [ app_end ] --START--
INFO: Run Behavior\ShowPageTraceBehavior [ RunTime:0.001000s ]
INFO: [ app_end ] --END-- [ RunTime:0.001000s ]

[ 2016-05-20T22:09:22+08:00 ] 127.0.0.1 /admin.php/Wen/doAddWen.html
INFO: [ app_begin ] --START--
INFO: Run Behavior\ReadHtmlCacheBehavior [ RunTime:0.000000s ]
INFO: [ app_begin ] --END-- [ RunTime:0.001000s ]
INFO: [ app_end ] --START--
INFO: Run Behavior\ShowPageTraceBehavior [ RunTime:0.000000s ]
INFO: [ app_end ] --END-- [ RunTime:0.000000s ]

[ 2016-05-20T22:09:36+08:00 ] 127.0.0.1 /admin.php/Wen/doAddWen.html
INFO: [ app_begin ] --START--
INFO: Run Behavior\ReadHtmlCacheBehavior [ RunTime:0.000000s ]
INFO: [ app_begin ] --END-- [ RunTime:0.001000s ]
INFO: [ app_end ] --START--
INFO: Run Behavior\ShowPageTraceBehavior [ RunTime:0.000000s ]
INFO: [ app_end ] --END-- [ RunTime:0.001000s ]

[ 2016-05-20T22:09:42+08:00 ] 127.0.0.1 /admin.php/Wen/doAddWen.html
INFO: [ app_begin ] --START--
INFO: Run Behavior\ReadHtmlCacheBehavior [ RunTime:0.000000s ]
INFO: [ app_begin ] --END-- [ RunTime:0.000000s ]
INFO: [ app_end ] --START--
INFO: Run Behavior\ShowPageTraceBehavior [ RunTime:0.000000s ]
INFO: [ app_end ] --END-- [ RunTime:0.000000s ]

[ 2016-05-20T22:09:58+08:00 ] 127.0.0.1 /admin.php/Wen/doAddWen.html
INFO: [ app_begin ] --START--
INFO: Run Behavior\ReadHtmlCacheBehavior [ RunTime:0.000000s ]
INFO: [ app_begin ] --END-- [ RunTime:0.000000s ]
INFO: [ app_end ] --START--
INFO: Run Behavior\ShowPageTraceBehavior [ RunTime:0.001000s ]
INFO: [ app_end ] --END-- [ RunTime:0.001000s ]

[ 2016-05-20T22:10:15+08:00 ] 127.0.0.1 /admin.php/Wen/doAddWen.html
INFO: [ app_begin ] --START--
INFO: Run Behavior\ReadHtmlCacheBehavior [ RunTime:0.000000s ]
INFO: [ app_begin ] --END-- [ RunTime:0.001000s ]
INFO: [ app_end ] --START--
INFO: Run Behavior\ShowPageTraceBehavior [ RunTime:0.000000s ]
INFO: [ app_end ] --END-- [ RunTime:0.000000s ]

[ 2016-05-20T22:10:23+08:00 ] 127.0.0.1 /admin.php/Wen/doAddWen.html
INFO: [ app_begin ] --START--
INFO: Run Behavior\ReadHtmlCacheBehavior [ RunTime:0.000000s ]
INFO: [ app_begin ] --END-- [ RunTime:0.000000s ]
INFO: [ app_end ] --START--
INFO: Run Behavior\ShowPageTraceBehavior [ RunTime:0.000000s ]
INFO: [ app_end ] --END-- [ RunTime:0.000000s ]

[ 2016-05-20T22:10:26+08:00 ] 127.0.0.1 /admin.php/Wen/doAddWen.html
INFO: [ app_begin ] --START--
INFO: Run Behavior\ReadHtmlCacheBehavior [ RunTime:0.000000s ]
INFO: [ app_begin ] --END-- [ RunTime:0.000000s ]
INFO: [ app_end ] --START--
INFO: Run Behavior\ShowPageTraceBehavior [ RunTime:0.000000s ]
INFO: [ app_end ] --END-- [ RunTime:0.000000s ]

[ 2016-05-20T22:10:28+08:00 ] 127.0.0.1 /admin.php/Wen/doAddWen.html
INFO: [ app_begin ] --START--
INFO: Run Behavior\ReadHtmlCacheBehavior [ RunTime:0.000000s ]
INFO: [ app_begin ] --END-- [ RunTime:0.000000s ]
INFO: [ app_end ] --START--
INFO: Run Behavior\ShowPageTraceBehavior [ RunTime:0.000000s ]
INFO: [ app_end ] --END-- [ RunTime:0.000000s ]

[ 2016-05-20T22:10:38+08:00 ] 127.0.0.1 /admin.php/Wen/doAddWen.html
INFO: [ app_begin ] --START--
INFO: Run Behavior\ReadHtmlCacheBehavior [ RunTime:0.001000s ]
INFO: [ app_begin ] --END-- [ RunTime:0.001000s ]
INFO: [ app_end ] --START--
INFO: Run Behavior\ShowPageTraceBehavior [ RunTime:0.000000s ]
INFO: [ app_end ] --END-- [ RunTime:0.000000s ]

[ 2016-05-20T22:10:39+08:00 ] 127.0.0.1 /admin.php/Wen/doAddWen.html
INFO: [ app_begin ] --START--
INFO: Run Behavior\ReadHtmlCacheBehavior [ RunTime:0.000000s ]
INFO: [ app_begin ] --END-- [ RunTime:0.001000s ]
INFO: [ app_end ] --START--
INFO: Run Behavior\ShowPageTraceBehavior [ RunTime:0.000000s ]
INFO: [ app_end ] --END-- [ RunTime:0.000000s ]

[ 2016-05-20T22:10:40+08:00 ] 127.0.0.1 /admin.php/Wen/doAddWen.html
INFO: [ app_begin ] --START--
INFO: Run Behavior\ReadHtmlCacheBehavior [ RunTime:0.000000s ]
INFO: [ app_begin ] --END-- [ RunTime:0.001000s ]
INFO: [ app_end ] --START--
INFO: Run Behavior\ShowPageTraceBehavior [ RunTime:0.000000s ]
INFO: [ app_end ] --END-- [ RunTime:0.000000s ]

[ 2016-05-20T22:10:40+08:00 ] 127.0.0.1 /admin.php/Wen/doAddWen.html
INFO: [ app_begin ] --START--
INFO: Run Behavior\ReadHtmlCacheBehavior [ RunTime:0.000000s ]
INFO: [ app_begin ] --END-- [ RunTime:0.000000s ]
INFO: [ app_end ] --START--
INFO: Run Behavior\ShowPageTraceBehavior [ RunTime:0.000000s ]
INFO: [ app_end ] --END-- [ RunTime:0.000000s ]

[ 2016-05-20T22:10:41+08:00 ] 127.0.0.1 /admin.php/Wen/doAddWen.html
INFO: [ app_begin ] --START--
INFO: Run Behavior\ReadHtmlCacheBehavior [ RunTime:0.001000s ]
INFO: [ app_begin ] --END-- [ RunTime:0.001000s ]
INFO: [ app_end ] --START--
INFO: Run Behavior\ShowPageTraceBehavior [ RunTime:0.001000s ]
INFO: [ app_end ] --END-- [ RunTime:0.001000s ]

[ 2016-05-20T22:10:42+08:00 ] 127.0.0.1 /admin.php/Wen/doAddWen.html
INFO: [ app_begin ] --START--
INFO: Run Behavior\ReadHtmlCacheBehavior [ RunTime:0.000000s ]
INFO: [ app_begin ] --END-- [ RunTime:0.001000s ]
INFO: [ app_end ] --START--
INFO: Run Behavior\ShowPageTraceBehavior [ RunTime:0.000000s ]
INFO: [ app_end ] --END-- [ RunTime:0.000000s ]

[ 2016-05-20T22:10:42+08:00 ] 127.0.0.1 /admin.php/Wen/doAddWen.html
INFO: [ app_begin ] --START--
INFO: Run Behavior\ReadHtmlCacheBehavior [ RunTime:0.001000s ]
INFO: [ app_begin ] --END-- [ RunTime:0.001000s ]
INFO: [ app_end ] --START--
INFO: Run Behavior\ShowPageTraceBehavior [ RunTime:0.000000s ]
INFO: [ app_end ] --END-- [ RunTime:0.000000s ]

[ 2016-05-20T22:28:27+08:00 ] 127.0.0.1 /admin.php?c=js&f=index&ext=../config.php
ERR: 无法加载控制器:Js

[ 2016-05-20T23:48:26+08:00 ] 127.0.0.1 /admin.php/Wen/doAddWen.html
INFO: [ app_begin ] --START--
INFO: Run Behavior\ReadHtmlCacheBehavior [ RunTime:0.001000s ]
INFO: [ app_begin ] --END-- [ RunTime:0.001000s ]
SQL: SHOW COLUMNS FROM `mycontent` [ RunTime:0.0030s ]
SQL: INSERT INTO `mycontent` (`title`,`shart`,`path`,`ctime`,`hot`,`uid`) VALUES ('dd','dsdfds','/Public/html/1605/14637593060.html','1463759306','14','1') [ RunTime:0.0220s ]
NOTIC: [2] file_put_contents() expects at least 2 parameters, 1 given D:\www\thinkphp\Application\Admin\Controller\WenController.class.php 第 40 行.
INFO: [ app_end ] --START--
INFO: Run Behavior\ShowPageTraceBehavior [ RunTime:0.001001s ]
INFO: [ app_end ] --END-- [ RunTime:0.001001s ]

[ 2016-05-20T23:48:28+08:00 ] 127.0.0.1 /admin.php/Wen/doAddWen.html
INFO: [ app_begin ] --START--
INFO: Run Behavior\ReadHtmlCacheBehavior [ RunTime:0.001000s ]
INFO: [ app_begin ] --END-- [ RunTime:0.001000s ]
SQL: SHOW COLUMNS FROM `mycontent` [ RunTime:0.0020s ]
SQL: INSERT INTO `mycontent` (`title`,`shart`,`path`,`ctime`,`hot`,`uid`) VALUES ('dd','dsdfds','/Public/html/1605/14637593081.html','1463759308','32','1') [ RunTime:0.0000s ]
NOTIC: [2] file_put_contents() expects at least 2 parameters, 1 given D:\www\thinkphp\Application\Admin\Controller\WenController.class.php 第 40 行.
INFO: [ app_end ] --START--
INFO: Run Behavior\ShowPageTraceBehavior [ RunTime:0.001000s ]
INFO: [ app_end ] --END-- [ RunTime:0.001000s ]

[ 2016-05-20T23:48:29+08:00 ] 127.0.0.1 /admin.php/Wen/doAddWen.html
INFO: [ app_begin ] --START--
INFO: Run Behavior\ReadHtmlCacheBehavior [ RunTime:0.001000s ]
INFO: [ app_begin ] --END-- [ RunTime:0.001000s ]
SQL: SHOW COLUMNS FROM `mycontent` [ RunTime:0.0030s ]
SQL: INSERT INTO `mycontent` (`title`,`shart`,`path`,`ctime`,`hot`,`uid`) VALUES ('dd','dsdfds','/Public/html/1605/14637593096.html','1463759309','40','1') [ RunTime:0.0000s ]
NOTIC: [2] file_put_contents() expects at least 2 parameters, 1 given D:\www\thinkphp\Application\Admin\Controller\WenController.class.php 第 40 行.
INFO: [ app_end ] --START--
INFO: Run Behavior\ShowPageTraceBehavior [ RunTime:0.000000s ]
INFO: [ app_end ] --END-- [ RunTime:0.000000s ]

[ 2016-05-20T23:50:55+08:00 ] 127.0.0.1 /admin.php/Wen/doAddWen.html
INFO: [ app_begin ] --START--
INFO: Run Behavior\ReadHtmlCacheBehavior [ RunTime:0.000000s ]
INFO: [ app_begin ] --END-- [ RunTime:0.000000s ]
SQL: SHOW COLUMNS FROM `mycontent` [ RunTime:0.0040s ]
SQL: INSERT INTO `mycontent` (`title`,`shart`,`path`,`ctime`,`hot`,`uid`) VALUES ('fwe','fefew','/Public/html/1605/14637594553.html','1463759455','10','1') [ RunTime:0.0010s ]
NOTIC: [2] file_put_contents() expects at least 2 parameters, 1 given D:\www\thinkphp\Application\Admin\Controller\WenController.class.php 第 41 行.
INFO: [ app_end ] --START--
INFO: Run Behavior\ShowPageTraceBehavior [ RunTime:0.000000s ]
INFO: [ app_end ] --END-- [ RunTime:0.000000s ]

[ 2016-05-20T23:52:46+08:00 ] 127.0.0.1 /admin.php/Wen/doAddWen.html
INFO: [ app_begin ] --START--
INFO: Run Behavior\ReadHtmlCacheBehavior [ RunTime:0.001000s ]
INFO: [ app_begin ] --END-- [ RunTime:0.001000s ]
NOTIC: [2] file_put_contents() expects at least 2 parameters, 1 given D:\www\thinkphp\Application\Admin\Controller\WenController.class.php 第 41 行.
NOTIC: [8] Undefined variable: s D:\www\thinkphp\Application\Admin\Controller\WenController.class.php 第 43 行.
NOTIC: [8] Use of undefined constant ROOT - assumed 'ROOT' D:\www\thinkphp\Application\Admin\Controller\WenController.class.php 第 46 行.
INFO: [ app_end ] --START--
INFO: Run Behavior\ShowPageTraceBehavior [ RunTime:0.001000s ]
INFO: [ app_end ] --END-- [ RunTime:0.001000s ]

[ 2016-05-20T23:53:48+08:00 ] 127.0.0.1 /admin.php/Wen/doAddWen.html
INFO: [ app_begin ] --START--
INFO: Run Behavior\ReadHtmlCacheBehavior [ RunTime:0.000000s ]
INFO: [ app_begin ] --END-- [ RunTime:0.000000s ]
NOTIC: [2] file_put_contents() expects at least 2 parameters, 1 given D:\www\thinkphp\Application\Admin\Controller\WenController.class.php 第 41 行.
NOTIC: [8] Undefined variable: s D:\www\thinkphp\Application\Admin\Controller\WenController.class.php 第 43 行.
INFO: [ app_end ] --START--
INFO: Run Behavior\ShowPageTraceBehavior [ RunTime:0.001000s ]
INFO: [ app_end ] --END-- [ RunTime:0.001000s ]

[ 2016-05-20T23:54:12+08:00 ] 127.0.0.1 /admin.php/Wen/doAddWen.html
INFO: [ app_begin ] --START--
INFO: Run Behavior\ReadHtmlCacheBehavior [ RunTime:0.000000s ]
INFO: [ app_begin ] --END-- [ RunTime:0.001000s ]
NOTIC: [2] file_put_contents() expects at least 2 parameters, 1 given D:\www\thinkphp\Application\Admin\Controller\WenController.class.php 第 40 行.
NOTIC: [8] Undefined variable: d D:\www\thinkphp\Application\Admin\Controller\WenController.class.php 第 41 行.
NOTIC: [8] Undefined variable: s D:\www\thinkphp\Application\Admin\Controller\WenController.class.php 第 42 行.
INFO: [ app_end ] --START--
INFO: Run Behavior\ShowPageTraceBehavior [ RunTime:0.001000s ]
INFO: [ app_end ] --END-- [ RunTime:0.001000s ]

[ 2016-05-20T23:54:46+08:00 ] 127.0.0.1 /admin.php/Wen/doAddWen.html
INFO: [ app_begin ] --START--
INFO: Run Behavior\ReadHtmlCacheBehavior [ RunTime:0.000000s ]
INFO: [ app_begin ] --END-- [ RunTime:0.001000s ]
NOTIC: [2] file_put_contents() expects at least 2 parameters, 1 given D:\www\thinkphp\Application\Admin\Controller\WenController.class.php 第 40 行.
NOTIC: [8] Undefined variable: d D:\www\thinkphp\Application\Admin\Controller\WenController.class.php 第 41 行.
NOTIC: [8] Undefined variable: s D:\www\thinkphp\Application\Admin\Controller\WenController.class.php 第 42 行.
INFO: [ app_end ] --START--
INFO: Run Behavior\ShowPageTraceBehavior [ RunTime:0.000000s ]
INFO: [ app_end ] --END-- [ RunTime:0.000000s ]

[ 2016-05-20T23:55:17+08:00 ] 127.0.0.1 /admin.php/Wen/doAddWen.html
INFO: [ app_begin ] --START--
INFO: Run Behavior\ReadHtmlCacheBehavior [ RunTime:0.001000s ]
INFO: [ app_begin ] --END-- [ RunTime:0.001000s ]
NOTIC: [8] Undefined variable: d D:\www\thinkphp\Application\Admin\Controller\WenController.class.php 第 41 行.
NOTIC: [8] Undefined variable: s D:\www\thinkphp\Application\Admin\Controller\WenController.class.php 第 42 行.
INFO: [ app_end ] --START--
INFO: Run Behavior\ShowPageTraceBehavior [ RunTime:0.000000s ]
INFO: [ app_end ] --END-- [ RunTime:0.000000s ]

[ 2016-05-20T23:59:27+08:00 ] 127.0.0.1 /admin.php/Wen/doAddWen.html
INFO: [ app_begin ] --START--
INFO: Run Behavior\ReadHtmlCacheBehavior [ RunTime:0.000000s ]
INFO: [ app_begin ] --END-- [ RunTime:0.000000s ]
SQL: SHOW COLUMNS FROM `mycontent` [ RunTime:0.0030s ]
SQL: INSERT INTO `mycontent` (`title`,`shart`,`path`,`ctime`,`hot`,`uid`) VALUES ('sad','eded','D:\\www\\thinkphp/Public/html/1605/14637599670.html','1463759967','31','1') [ RunTime:0.0000s ]
INFO: [ app_end ] --START--
INFO: Run Behavior\ShowPageTraceBehavior [ RunTime:0.001000s ]
INFO: [ app_end ] --END-- [ RunTime:0.001000s ]

