[ 2016-05-28T15:51:08+08:00 ] 127.0.0.1 /admin.php/Wen/doEdit.html
INFO: [ app_begin ] --START--
INFO: Run Behavior\ReadHtmlCacheBehavior [ RunTime:0.000000s ]
INFO: [ app_begin ] --END-- [ RunTime:0.000000s ]
SQL: SHOW COLUMNS FROM `mycontent` [ RunTime:0.0040s ]
SQL: SELECT * FROM `mycontent` WHERE `wid` = 51 LIMIT 1   [ RunTime:0.0000s ]
SQL: UPDATE `mycontent` SET `title`='初入php开发api  ',`shart`='最近看到很多都是php开发api接口的，兴趣了来了，就了解了一下。由于之前玩过一点微信公众平台的开发，所以 理解得比较快一点。下面我们来看看 是怎么一回事。我就直接拿网上的部分代码来说了。&lt;?php ' WHERE `wid` = 51 [ RunTime:0.0010s ]
INFO: [ app_end ] --START--
INFO: Run Behavior\ShowPageTraceBehavior [ RunTime:0.001000s ]
INFO: [ app_end ] --END-- [ RunTime:0.001000s ]

[ 2016-05-28T15:51:14+08:00 ] 127.0.0.1 /admin.php/Wen/WenDel.html
INFO: [ app_begin ] --START--
INFO: Run Behavior\ReadHtmlCacheBehavior [ RunTime:0.000000s ]
INFO: [ app_begin ] --END-- [ RunTime:0.000000s ]
SQL: SHOW COLUMNS FROM `mycontent` [ RunTime:0.0030s ]
SQL: SELECT * FROM `mycontent` WHERE `wid` = 51 LIMIT 1   [ RunTime:0.0000s ]
SQL: DELETE FROM `mycontent` WHERE `wid` = 51 [ RunTime:0.0000s ]
SQL: SHOW COLUMNS FROM `pl` [ RunTime:0.0440s ]
SQL: DELETE FROM `pl` WHERE `wid` = 51 [ RunTime:0.0000s ]
INFO: [ app_end ] --START--
INFO: Run Behavior\ShowPageTraceBehavior [ RunTime:0.000000s ]
INFO: [ app_end ] --END-- [ RunTime:0.000000s ]

[ 2016-05-28T15:51:40+08:00 ] 127.0.0.1 /admin.php/Wen/doAddWen.html
INFO: [ app_begin ] --START--
INFO: Run Behavior\ReadHtmlCacheBehavior [ RunTime:0.001000s ]
INFO: [ app_begin ] --END-- [ RunTime:0.001000s ]
SQL: SHOW COLUMNS FROM `mycontent` [ RunTime:0.0030s ]
SQL: INSERT INTO `mycontent` (`title`,`shart`,`path`,`ctime`,`hot`,`uid`) VALUES ('ededede','gtbbbbbbbbbbbbbbbbbbbbbbbbbbbbbbbbbbhhhhh66y6','D:\\www\\thinkphp/Public/html/1605/14644219007.html','1464421900','0','1') [ RunTime:0.0010s ]
INFO: [ app_end ] --START--
INFO: Run Behavior\ShowPageTraceBehavior [ RunTime:0.001000s ]
INFO: [ app_end ] --END-- [ RunTime:0.001000s ]

