[ 2016-05-19T05:25:46+08:00 ] 127.0.0.1 /
INFO: [ app_init ] --START--
INFO: Run Behavior\BuildLiteBehavior [ RunTime:0.000000s ]
INFO: [ app_init ] --END-- [ RunTime:0.060004s ]
INFO: [ app_begin ] --START--
INFO: Run Behavior\ReadHtmlCacheBehavior [ RunTime:0.014000s ]
INFO: [ app_begin ] --END-- [ RunTime:0.014000s ]
ERR: 无法加载数据库驱动: Think\Db\Driver\Pdo

[ 2016-05-19T05:26:37+08:00 ] 127.0.0.1 /
INFO: [ app_init ] --START--
INFO: Run Behavior\BuildLiteBehavior [ RunTime:0.000000s ]
INFO: [ app_init ] --END-- [ RunTime:0.001000s ]
INFO: [ app_begin ] --START--
INFO: Run Behavior\ReadHtmlCacheBehavior [ RunTime:0.000000s ]
INFO: [ app_begin ] --END-- [ RunTime:0.000000s ]
ERR: 无法加载数据库驱动: Think\Db\Driver\Pdo

[ 2016-05-19T05:26:39+08:00 ] 127.0.0.1 /
INFO: [ app_init ] --START--
INFO: Run Behavior\BuildLiteBehavior [ RunTime:0.000000s ]
INFO: [ app_init ] --END-- [ RunTime:0.000000s ]
INFO: [ app_begin ] --START--
INFO: Run Behavior\ReadHtmlCacheBehavior [ RunTime:0.000000s ]
INFO: [ app_begin ] --END-- [ RunTime:0.000000s ]
ERR: 无法加载数据库驱动: Think\Db\Driver\Pdo

[ 2016-05-19T05:26:40+08:00 ] 127.0.0.1 /
INFO: [ app_init ] --START--
INFO: Run Behavior\BuildLiteBehavior [ RunTime:0.000000s ]
INFO: [ app_init ] --END-- [ RunTime:0.015600s ]
INFO: [ app_begin ] --START--
INFO: Run Behavior\ReadHtmlCacheBehavior [ RunTime:0.001000s ]
INFO: [ app_begin ] --END-- [ RunTime:0.001000s ]
ERR: 无法加载数据库驱动: Think\Db\Driver\Pdo

[ 2016-05-19T05:26:42+08:00 ] 127.0.0.1 /
INFO: [ app_init ] --START--
INFO: Run Behavior\BuildLiteBehavior [ RunTime:0.000000s ]
INFO: [ app_init ] --END-- [ RunTime:0.000000s ]
INFO: [ app_begin ] --START--
INFO: Run Behavior\ReadHtmlCacheBehavior [ RunTime:0.001000s ]
INFO: [ app_begin ] --END-- [ RunTime:0.001000s ]
ERR: 无法加载数据库驱动: Think\Db\Driver\Pdo

[ 2016-05-19T05:26:55+08:00 ] 127.0.0.1 /
INFO: [ app_init ] --START--
INFO: Run Behavior\BuildLiteBehavior [ RunTime:0.000000s ]
INFO: [ app_init ] --END-- [ RunTime:0.000000s ]
INFO: [ app_begin ] --START--
INFO: Run Behavior\ReadHtmlCacheBehavior [ RunTime:0.000000s ]
INFO: [ app_begin ] --END-- [ RunTime:0.000000s ]
ERR: 无法加载数据库驱动: Think\Db\Driver\Pdo

[ 2016-05-19T05:27:43+08:00 ] 127.0.0.1 /
INFO: [ app_init ] --START--
INFO: Run Behavior\BuildLiteBehavior [ RunTime:0.000000s ]
INFO: [ app_init ] --END-- [ RunTime:0.001000s ]
INFO: [ app_begin ] --START--
INFO: Run Behavior\ReadHtmlCacheBehavior [ RunTime:0.000000s ]
INFO: [ app_begin ] --END-- [ RunTime:0.001001s ]
ERR: 无法加载数据库驱动: Think\Db\Driver\Pdo

[ 2016-05-19T05:27:44+08:00 ] 127.0.0.1 /
INFO: [ app_init ] --START--
INFO: Run Behavior\BuildLiteBehavior [ RunTime:0.000000s ]
INFO: [ app_init ] --END-- [ RunTime:0.000000s ]
INFO: [ app_begin ] --START--
INFO: Run Behavior\ReadHtmlCacheBehavior [ RunTime:0.001000s ]
INFO: [ app_begin ] --END-- [ RunTime:0.001000s ]
ERR: 无法加载数据库驱动: Think\Db\Driver\Pdo

[ 2016-05-19T05:28:06+08:00 ] 127.0.0.1 /
INFO: [ app_init ] --START--
INFO: Run Behavior\BuildLiteBehavior [ RunTime:0.000000s ]
INFO: [ app_init ] --END-- [ RunTime:0.000000s ]
INFO: [ app_begin ] --START--
INFO: Run Behavior\ReadHtmlCacheBehavior [ RunTime:0.000000s ]
INFO: [ app_begin ] --END-- [ RunTime:0.000000s ]
ERR: 无法加载数据库驱动: Think\Db\Driver\Pdo

[ 2016-05-19T05:28:07+08:00 ] 127.0.0.1 /
INFO: [ app_init ] --START--
INFO: Run Behavior\BuildLiteBehavior [ RunTime:0.000000s ]
INFO: [ app_init ] --END-- [ RunTime:0.000000s ]
INFO: [ app_begin ] --START--
INFO: Run Behavior\ReadHtmlCacheBehavior [ RunTime:0.001001s ]
INFO: [ app_begin ] --END-- [ RunTime:0.001001s ]
ERR: 无法加载数据库驱动: Think\Db\Driver\Pdo

[ 2016-05-19T05:28:08+08:00 ] 127.0.0.1 /
INFO: [ app_init ] --START--
INFO: Run Behavior\BuildLiteBehavior [ RunTime:0.000000s ]
INFO: [ app_init ] --END-- [ RunTime:0.000000s ]
INFO: [ app_begin ] --START--
INFO: Run Behavior\ReadHtmlCacheBehavior [ RunTime:0.000000s ]
INFO: [ app_begin ] --END-- [ RunTime:0.000000s ]
ERR: 无法加载数据库驱动: Think\Db\Driver\Pdo

[ 2016-05-19T05:28:36+08:00 ] 127.0.0.1 /
INFO: [ app_init ] --START--
INFO: Run Behavior\BuildLiteBehavior [ RunTime:0.000000s ]
INFO: [ app_init ] --END-- [ RunTime:0.000000s ]
INFO: [ app_begin ] --START--
INFO: Run Behavior\ReadHtmlCacheBehavior [ RunTime:0.001000s ]
INFO: [ app_begin ] --END-- [ RunTime:0.001000s ]
ERR: 无法加载数据库驱动: Think\Db\Driver\Pdo

[ 2016-05-19T05:28:37+08:00 ] 127.0.0.1 /
INFO: [ app_init ] --START--
INFO: Run Behavior\BuildLiteBehavior [ RunTime:0.000000s ]
INFO: [ app_init ] --END-- [ RunTime:0.000000s ]
INFO: [ app_begin ] --START--
INFO: Run Behavior\ReadHtmlCacheBehavior [ RunTime:0.015600s ]
INFO: [ app_begin ] --END-- [ RunTime:0.015600s ]
ERR: 无法加载数据库驱动: Think\Db\Driver\Pdo

[ 2016-05-19T05:28:38+08:00 ] 127.0.0.1 /
INFO: [ app_init ] --START--
INFO: Run Behavior\BuildLiteBehavior [ RunTime:0.000000s ]
INFO: [ app_init ] --END-- [ RunTime:0.000000s ]
INFO: [ app_begin ] --START--
INFO: Run Behavior\ReadHtmlCacheBehavior [ RunTime:0.000000s ]
INFO: [ app_begin ] --END-- [ RunTime:0.000000s ]
ERR: 无法加载数据库驱动: Think\Db\Driver\Pdo

[ 2016-05-19T05:28:40+08:00 ] 127.0.0.1 /
INFO: [ app_init ] --START--
INFO: Run Behavior\BuildLiteBehavior [ RunTime:0.000000s ]
INFO: [ app_init ] --END-- [ RunTime:0.000000s ]
INFO: [ app_begin ] --START--
INFO: Run Behavior\ReadHtmlCacheBehavior [ RunTime:0.000000s ]
INFO: [ app_begin ] --END-- [ RunTime:0.000000s ]
ERR: 无法加载数据库驱动: Think\Db\Driver\Pdo

[ 2016-05-19T05:29:37+08:00 ] 127.0.0.1 /
INFO: [ app_init ] --START--
INFO: Run Behavior\BuildLiteBehavior [ RunTime:0.000000s ]
INFO: [ app_init ] --END-- [ RunTime:0.001000s ]
INFO: [ app_begin ] --START--
INFO: Run Behavior\ReadHtmlCacheBehavior [ RunTime:0.000000s ]
INFO: [ app_begin ] --END-- [ RunTime:0.000000s ]
ERR: 无法加载数据库驱动: Think\Db\Driver\Pdo

[ 2016-05-19T05:29:39+08:00 ] 127.0.0.1 /
INFO: [ app_init ] --START--
INFO: Run Behavior\BuildLiteBehavior [ RunTime:0.001000s ]
INFO: [ app_init ] --END-- [ RunTime:0.016600s ]
INFO: [ app_begin ] --START--
INFO: Run Behavior\ReadHtmlCacheBehavior [ RunTime:0.000000s ]
INFO: [ app_begin ] --END-- [ RunTime:0.000000s ]
ERR: 无法加载数据库驱动: Think\Db\Driver\Pdo

[ 2016-05-19T05:32:05+08:00 ] 127.0.0.1 /
INFO: [ app_init ] --START--
INFO: Run Behavior\BuildLiteBehavior [ RunTime:0.000000s ]
INFO: [ app_init ] --END-- [ RunTime:0.000000s ]
INFO: [ app_begin ] --START--
INFO: Run Behavior\ReadHtmlCacheBehavior [ RunTime:0.000000s ]
INFO: [ app_begin ] --END-- [ RunTime:0.000000s ]
ERR: 1146:Table 'test.web_title' doesn't exist
 [ SQL语句 ] : SHOW COLUMNS FROM `web_title`
ERR: 1146:Table 'test.web_title' doesn't exist
 [ SQL语句 ] : SHOW COLUMNS FROM `web_title`

[ 2016-05-19T05:32:08+08:00 ] 127.0.0.1 /
INFO: [ app_init ] --START--
INFO: Run Behavior\BuildLiteBehavior [ RunTime:0.000000s ]
INFO: [ app_init ] --END-- [ RunTime:0.000000s ]
INFO: [ app_begin ] --START--
INFO: Run Behavior\ReadHtmlCacheBehavior [ RunTime:0.000000s ]
INFO: [ app_begin ] --END-- [ RunTime:0.000000s ]
ERR: 1146:Table 'test.web_title' doesn't exist
 [ SQL语句 ] : SHOW COLUMNS FROM `web_title`
ERR: 1146:Table 'test.web_title' doesn't exist
 [ SQL语句 ] : SHOW COLUMNS FROM `web_title`

[ 2016-05-19T05:32:10+08:00 ] 127.0.0.1 /
INFO: [ app_init ] --START--
INFO: Run Behavior\BuildLiteBehavior [ RunTime:0.000000s ]
INFO: [ app_init ] --END-- [ RunTime:0.001000s ]
INFO: [ app_begin ] --START--
INFO: Run Behavior\ReadHtmlCacheBehavior [ RunTime:0.001000s ]
INFO: [ app_begin ] --END-- [ RunTime:0.001000s ]
ERR: 1146:Table 'test.web_title' doesn't exist
 [ SQL语句 ] : SHOW COLUMNS FROM `web_title`
ERR: 1146:Table 'test.web_title' doesn't exist
 [ SQL语句 ] : SHOW COLUMNS FROM `web_title`

[ 2016-05-19T05:33:27+08:00 ] 127.0.0.1 /
ERR: 1146:Table 'test.web_title' doesn't exist
 [ SQL语句 ] : SHOW COLUMNS FROM `web_title`

[ 2016-05-19T05:33:29+08:00 ] 127.0.0.1 /
ERR: 1146:Table 'test.web_title' doesn't exist
 [ SQL语句 ] : SHOW COLUMNS FROM `web_title`

[ 2016-05-19T05:34:14+08:00 ] 127.0.0.1 /
ERR: 1146:Table 'test.web_title' doesn't exist
 [ SQL语句 ] : SHOW COLUMNS FROM `web_title`

[ 2016-05-19T05:34:16+08:00 ] 127.0.0.1 /
ERR: 1146:Table 'test.web_title' doesn't exist
 [ SQL语句 ] : SHOW COLUMNS FROM `web_title`

[ 2016-05-19T05:34:44+08:00 ] 127.0.0.1 /
ERR: 1146:Table 'test.web_title' doesn't exist
 [ SQL语句 ] : SHOW COLUMNS FROM `web_title`

[ 2016-05-19T05:34:47+08:00 ] 127.0.0.1 /
ERR: 1146:Table 'test.web_title' doesn't exist
 [ SQL语句 ] : SHOW COLUMNS FROM `web_title`

[ 2016-05-19T05:34:48+08:00 ] 127.0.0.1 /
ERR: 1146:Table 'test.web_title' doesn't exist
 [ SQL语句 ] : SHOW COLUMNS FROM `web_title`

[ 2016-05-19T05:34:58+08:00 ] 127.0.0.1 /
ERR: 1146:Table 'test.web_title' doesn't exist
 [ SQL语句 ] : SHOW COLUMNS FROM `web_title`

[ 2016-05-19T05:35:00+08:00 ] 127.0.0.1 /
ERR: 1146:Table 'test.web_title' doesn't exist
 [ SQL语句 ] : SHOW COLUMNS FROM `web_title`

[ 2016-05-19T05:35:01+08:00 ] 127.0.0.1 /
ERR: 1146:Table 'test.web_title' doesn't exist
 [ SQL语句 ] : SHOW COLUMNS FROM `web_title`

[ 2016-05-19T05:54:35+08:00 ] 127.0.0.1 /
ERR: 1146:Table 'test.user_info' doesn't exist
 [ SQL语句 ] : SHOW COLUMNS FROM `user_info`

[ 2016-05-19T06:41:18+08:00 ] 127.0.0.1 /index.php/Home/Index/Index.html
ERR: Think\Model:filed方法不存在！

[ 2016-05-19T06:41:42+08:00 ] 127.0.0.1 /index.php/Home/Index/Index.html
ERR: 1146:Table 'test.usr' doesn't exist
 [ SQL语句 ] : SELECT u.user,w.* FROM `mycontent` INNER JOIN usr on mycontent.uid = user.id  

[ 2016-05-19T06:41:50+08:00 ] 127.0.0.1 /index.php/Home/Index/Index.html
ERR: 1146:Table 'test.usr' doesn't exist
 [ SQL语句 ] : SELECT u.user,w.* FROM `mycontent` INNER JOIN usr on mycontent.uid = user.id  

[ 2016-05-19T06:42:31+08:00 ] 127.0.0.1 /index.php/Home/Index/Index.html
ERR: 1146:Table 'test.usr' doesn't exist
 [ SQL语句 ] : SELECT __USER__.user,__MYCONTENT__.* FROM `mycontent` INNER JOIN usr on mycontent.uid = user.id  

[ 2016-05-19T06:42:35+08:00 ] 127.0.0.1 /index.php/Home/Index/Index.html
ERR: 1146:Table 'test.usr' doesn't exist
 [ SQL语句 ] : SELECT __USER__.user,__MYCONTENT__.* FROM `mycontent` INNER JOIN usr on mycontent.uid = user.id  

[ 2016-05-19T06:43:07+08:00 ] 127.0.0.1 /index.php/Home/Index/Index.html
ERR: 1146:Table 'test.usr' doesn't exist
 [ SQL语句 ] : SELECT user.user,mycontent.* FROM `mycontent` INNER JOIN usr on mycontent.uid = user.id  

[ 2016-05-19T06:43:08+08:00 ] 127.0.0.1 /index.php/Home/Index/Index.html
ERR: 1146:Table 'test.usr' doesn't exist
 [ SQL语句 ] : SELECT user.user,mycontent.* FROM `mycontent` INNER JOIN usr on mycontent.uid = user.id  

[ 2016-05-19T06:49:48+08:00 ] 127.0.0.1 /index.php/Home/View/Index/wid/Arraywid.html
ERR: 无法加载控制器:View

[ 2016-05-19T06:54:05+08:00 ] 127.0.0.1 /index.php/Home/Index/view.php?wid=13
ERR: 非法操作:view.php

[ 2016-05-19T06:54:10+08:00 ] 127.0.0.1 /index.php/Home/Index/view.php?wid=13
ERR: 非法操作:view.php

[ 2016-05-19T06:54:11+08:00 ] 127.0.0.1 /index.php/Home/Index/view.php?wid=13
ERR: 非法操作:view.php

[ 2016-05-19T06:54:36+08:00 ] 127.0.0.1 /index.php/Home/Index/view.php?wid=13
ERR: 非法操作:view.php

[ 2016-05-19T06:54:37+08:00 ] 127.0.0.1 /index.php/Home/Index/view.php?wid=13
ERR: 非法操作:view.php

[ 2016-05-19T06:54:38+08:00 ] 127.0.0.1 /index.php/Home/Index/view.php?wid=13
ERR: 非法操作:view.php

[ 2016-05-19T06:54:53+08:00 ] 127.0.0.1 /index.php/Home/Index/view.php?wid=13
ERR: 非法操作:view.php

[ 2016-05-19T07:02:24+08:00 ] 127.0.0.1 /index.php/Home/Vew/Index/wid/21.html
ERR: 无法加载控制器:Vew

[ 2016-05-19T07:32:51+08:00 ] 127.0.0.1 /index.php/Home/Vew/Index/wid/13.html
ERR: 无法加载控制器:Vew

[ 2016-05-19T07:42:41+08:00 ] 127.0.0.1 /index.php/Home/Vew/Index/wid/23.html
ERR: 无法加载控制器:Vew

[ 2016-05-19T07:42:43+08:00 ] 127.0.0.1 /index.php/Home/Vew/Index/wid/23.html
ERR: 无法加载控制器:Vew

